<?xml version="1.0" encoding="UTF-8"?>
<!-- Generated by org.testng.reporters.JUnitReportReporter -->
<testsuite hostname="RKAINS007" failures="0" tests="1" name="HomePage.Dropdown1Test" time="16.831" errors="0" timestamp="2023-06-05T21:43:10 IST" skipped="0">
  <testcase classname="HomePage.Dropdown1Test" name="DD1" time="16.831"/>
  <system-out/>
</testsuite> <!-- HomePage.Dropdown1Test -->
