<?xml version="1.0" encoding="UTF-8"?>
<!-- Generated by org.testng.reporters.JUnitReportReporter -->
<testsuite hostname="RKAINS007" failures="0" tests="1" name="HomePage.Dropdown1Test" time="19.988" errors="0" timestamp="2023-06-08T20:28:25 IST" skipped="0">
  <testcase classname="HomePage.Dropdown1Test" name="DD1" time="19.988"/>
  <system-out/>
</testsuite> <!-- HomePage.Dropdown1Test -->
